<?xml version="1.0" encoding="UTF-8"?>
<!-- Generated by org.testng.reporters.JUnitXMLReporter -->
<testsuite ignored="0" hostname="nayans-MacBook-Air.local" failures="1" tests="2" name="test" time="28.715" errors="0" timestamp="23 Jun 2019 09:01:55 GMT">
  <testcase classname="TestBase.loginCRM" name="checkValue" time="5.019">
    <failure type="java.lang.NullPointerException">
      <![CDATA[java.lang.NullPointerException
at TestBase.loginCRM.checkValue(loginCRM.java:49)
... Removed 25 stack frames]]>
    </failure>
  </testcase> <!-- checkValue -->
  <testcase classname="TestBase.loginCRM" name="logincrm_function" time="23.515"/>
</testsuite> <!-- test -->
